<?xml version="1.0" encoding="UTF-8"?>
<!-- Generated by org.testng.reporters.JUnitXMLReporter -->
<testsuite ignored="0" hostname="Hanvika" failures="0" tests="5" name="Default test" time="0.154" errors="0" timestamp="2025-07-29T16:54:36 IST">
  <testcase classname="testng.frameworkconcepts.Webmethods" name="@BeforeMethod launchbrowserandapplication" time="-1.753788276327E9">
    <failure type="org.testng.TestNGException" message="
Parameter &amp;apos;BROWSER&amp;apos; is required by BeforeMethod on method launchbrowserandapplication but has not been marked @Optional or defined
in C:\Users\Yash\AppData\Local\Temp\testng-eclipse-1312557002\testng-customsuite.xml">
      <![CDATA[org.testng.TestNGException: 
Parameter 'BROWSER' is required by BeforeMethod on method launchbrowserandapplication but has not been marked @Optional or defined
in C:\Users\Yash\AppData\Local\Temp\testng-eclipse-1312557002\testng-customsuite.xml
at org.testng.internal.Parameters.createParams(Parameters.java:264)
at org.testng.internal.Parameters.createParametersForMethod(Parameters.java:352)
at org.testng.internal.Parameters.createParameters(Parameters.java:690)
at org.testng.internal.Parameters.createConfigurationParameters(Parameters.java:163)
at org.testng.internal.invokers.ConfigInvoker.invokeConfigurations(ConfigInvoker.java:313)
at org.testng.internal.invokers.TestInvoker.runConfigMethods(TestInvoker.java:836)
at org.testng.internal.invokers.TestInvoker.invokeMethod(TestInvoker.java:601)
at org.testng.internal.invokers.TestInvoker.invokeTestMethod(TestInvoker.java:230)
at org.testng.internal.invokers.MethodRunner.runInSequence(MethodRunner.java:63)
at org.testng.internal.invokers.TestInvoker$MethodInvocationAgent.invoke(TestInvoker.java:995)
at org.testng.internal.invokers.TestInvoker.invokeTestMethods(TestInvoker.java:203)
at org.testng.internal.invokers.TestMethodWorker.invokeTestMethods(TestMethodWorker.java:154)
at org.testng.internal.invokers.TestMethodWorker.run(TestMethodWorker.java:134)
at java.base/java.util.ArrayList.forEach(ArrayList.java:1597)
at org.testng.TestRunner.privateRun(TestRunner.java:741)
at org.testng.TestRunner.run(TestRunner.java:616)
at org.testng.SuiteRunner.runTest(SuiteRunner.java:421)
at org.testng.SuiteRunner.runSequentially(SuiteRunner.java:413)
at org.testng.SuiteRunner.privateRun(SuiteRunner.java:373)
at org.testng.SuiteRunner.run(SuiteRunner.java:312)
at org.testng.SuiteRunnerWorker.runSuite(SuiteRunnerWorker.java:52)
at org.testng.SuiteRunnerWorker.run(SuiteRunnerWorker.java:95)
at org.testng.TestNG.runSuitesSequentially(TestNG.java:1274)
at org.testng.TestNG.runSuitesLocally(TestNG.java:1208)
at org.testng.TestNG.runSuites(TestNG.java:1112)
at org.testng.TestNG.run(TestNG.java:1079)
at org.testng.remote.AbstractRemoteTestNG.run(AbstractRemoteTestNG.java:115)
at org.testng.remote.RemoteTestNG.initAndRun(RemoteTestNG.java:293)
at org.testng.remote.RemoteTestNG.main(RemoteTestNG.java:91)
]]>
    </failure>
  </testcase> <!-- @BeforeMethod launchbrowserandapplication -->
  <testcase classname="testng.frameworkconcepts.Appmethods" name="@BeforeMethod loginfuntionality1" time="0.0">
    <skipped/>
  </testcase> <!-- @BeforeMethod loginfuntionality1 -->
  <testcase classname="testng.frameworkconcepts.Appmethods" name="@AfterMethod logoutFromApp" time="0.0">
    <skipped/>
  </testcase> <!-- @AfterMethod logoutFromApp -->
  <testcase classname="testng.frameworkconcepts.Webmethods" name="@AfterMethod closebroser" time="0.0">
    <skipped/>
  </testcase> <!-- @AfterMethod closebroser -->
  <testcase classname="testng.frameworkconcepts.Webmethods" name="@BeforeMethod launchbrowserandapplication" time="0.0">
    <skipped/>
  </testcase> <!-- @BeforeMethod launchbrowserandapplication -->
  <testcase classname="testng.frameworkconcepts.Appmethods" name="@BeforeMethod loginfuntionality1" time="0.0">
    <skipped/>
  </testcase> <!-- @BeforeMethod loginfuntionality1 -->
  <testcase classname="testng.frameworkconcepts.Appmethods" name="@AfterMethod logoutFromApp" time="0.0">
    <skipped/>
  </testcase> <!-- @AfterMethod logoutFromApp -->
  <testcase classname="testng.frameworkconcepts.Webmethods" name="@AfterMethod closebroser" time="0.0">
    <skipped/>
  </testcase> <!-- @AfterMethod closebroser -->
  <testcase classname="testng.frameworkconcepts.Webmethods" name="@BeforeMethod launchbrowserandapplication" time="0.0">
    <skipped/>
  </testcase> <!-- @BeforeMethod launchbrowserandapplication -->
  <testcase classname="testng.frameworkconcepts.Appmethods" name="@BeforeMethod loginfuntionality1" time="0.0">
    <skipped/>
  </testcase> <!-- @BeforeMethod loginfuntionality1 -->
  <testcase classname="testng.frameworkconcepts.Appmethods" name="@AfterMethod logoutFromApp" time="0.0">
    <skipped/>
  </testcase> <!-- @AfterMethod logoutFromApp -->
  <testcase classname="testng.frameworkconcepts.Webmethods" name="@AfterMethod closebroser" time="0.0">
    <skipped/>
  </testcase> <!-- @AfterMethod closebroser -->
  <testcase classname="testng.frameworkconcepts.Webmethods" name="@BeforeMethod launchbrowserandapplication" time="0.0">
    <skipped/>
  </testcase> <!-- @BeforeMethod launchbrowserandapplication -->
  <testcase classname="testng.frameworkconcepts.Appmethods" name="@BeforeMethod loginfuntionality1" time="0.0">
    <skipped/>
  </testcase> <!-- @BeforeMethod loginfuntionality1 -->
  <testcase classname="testng.frameworkconcepts.Appmethods" name="@AfterMethod logoutFromApp" time="0.0">
    <skipped/>
  </testcase> <!-- @AfterMethod logoutFromApp -->
  <testcase classname="testng.frameworkconcepts.Webmethods" name="@AfterMethod closebroser" time="0.0">
    <skipped/>
  </testcase> <!-- @AfterMethod closebroser -->
  <testcase classname="testng.frameworkconcepts.Webmethods" name="@BeforeMethod launchbrowserandapplication" time="0.0">
    <skipped/>
  </testcase> <!-- @BeforeMethod launchbrowserandapplication -->
  <testcase classname="testng.frameworkconcepts.Appmethods" name="@BeforeMethod loginfuntionality1" time="0.0">
    <skipped/>
  </testcase> <!-- @BeforeMethod loginfuntionality1 -->
  <testcase classname="testng.frameworkconcepts.Appmethods" name="@AfterMethod logoutFromApp" time="0.0">
    <skipped/>
  </testcase> <!-- @AfterMethod logoutFromApp -->
  <testcase classname="testng.frameworkconcepts.Webmethods" name="@AfterMethod closebroser" time="0.0">
    <skipped/>
  </testcase> <!-- @AfterMethod closebroser -->
  <testcase classname="testng.frameworkconcepts.Appmethods" name="testcase1" time="0.0">
    <skipped/>
  </testcase> <!-- testcase1 -->
  <testcase classname="testng.frameworkconcepts.Appmethods" name="testcase2" time="0.0">
    <skipped/>
  </testcase> <!-- testcase2 -->
  <testcase classname="testng.frameworkconcepts.Appmethods" name="testcase3" time="0.0">
    <skipped/>
  </testcase> <!-- testcase3 -->
  <testcase classname="testng.frameworkconcepts.Appmethods" name="testcase3" time="0.0">
    <skipped/>
  </testcase> <!-- testcase3 -->
  <testcase classname="testng.frameworkconcepts.Appmethods" name="testcase3" time="0.0">
    <skipped/>
  </testcase> <!-- testcase3 -->
</testsuite> <!-- Default test -->
